Setting gid to "500 500 500 502"
[2753] debug @0.000015> Dancer::Loggersession_dir : /tmp/dancer-sessions in /opt/perlbrew/perls/perl-5.16.1/lib/site_perl/5.16.1/Dancer/Session/Storable.pm l. 34
[2755] debug @0.000025> Dancer::Loggersession_dir : /tmp/dancer-sessions in /opt/perlbrew/perls/perl-5.16.1/lib/site_perl/5.16.1/Dancer/Session/Storable.pm l. 34
[2756] debug @0.000024> Dancer::Loggersession_dir : /tmp/dancer-sessions in /opt/perlbrew/perls/perl-5.16.1/lib/site_perl/5.16.1/Dancer/Session/Storable.pm l. 34
[2757] debug @0.000026> Dancer::Loggersession_dir : /tmp/dancer-sessions in /opt/perlbrew/perls/perl-5.16.1/lib/site_perl/5.16.1/Dancer/Session/Storable.pm l. 34
[2758] debug @0.000033> Dancer::Loggersession_dir : /tmp/dancer-sessions in /opt/perlbrew/perls/perl-5.16.1/lib/site_perl/5.16.1/Dancer/Session/Storable.pm l. 34
2012/10/18-18:20:48 Server closing!
Setting gid to "500 500 500 502"
2012/10/18-18:20:49 Server closing!
Setting gid to "500 500 500 502"
[2781] debug @0.000014> Dancer::Loggersession_dir : /tmp/dancer-sessions in /opt/perlbrew/perls/perl-5.16.1/lib/site_perl/5.16.1/Dancer/Session/Storable.pm l. 34
[2785] debug @0.000013> Dancer::Loggersession_dir : /tmp/dancer-sessions in /opt/perlbrew/perls/perl-5.16.1/lib/site_perl/5.16.1/Dancer/Session/Storable.pm l. 34
[2784] debug @0.000013> Dancer::Loggersession_dir : /tmp/dancer-sessions in /opt/perlbrew/perls/perl-5.16.1/lib/site_perl/5.16.1/Dancer/Session/Storable.pm l. 34
[2783] debug @0.000014> Dancer::Loggersession_dir : /tmp/dancer-sessions in /opt/perlbrew/perls/perl-5.16.1/lib/site_perl/5.16.1/Dancer/Session/Storable.pm l. 34
[2782] debug @0.000013> Dancer::Loggersession_dir : /tmp/dancer-sessions in /opt/perlbrew/perls/perl-5.16.1/lib/site_perl/5.16.1/Dancer/Session/Storable.pm l. 34
2012/10/18-18:22:57 Server closing!
Setting gid to "500 500 500 502"
[2849] debug @0.000014> Dancer::Loggersession_dir : /tmp/dancer-sessions in /opt/perlbrew/perls/perl-5.16.1/lib/site_perl/5.16.1/Dancer/Session/Storable.pm l. 34
[2848] debug @0.000014> Dancer::Loggersession_dir : /tmp/dancer-sessions in /opt/perlbrew/perls/perl-5.16.1/lib/site_perl/5.16.1/Dancer/Session/Storable.pm l. 34
[2845] debug @0.000014> Dancer::Loggersession_dir : /tmp/dancer-sessions in /opt/perlbrew/perls/perl-5.16.1/lib/site_perl/5.16.1/Dancer/Session/Storable.pm l. 34
[2846] debug @0.000014> Dancer::Loggersession_dir : /tmp/dancer-sessions in /opt/perlbrew/perls/perl-5.16.1/lib/site_perl/5.16.1/Dancer/Session/Storable.pm l. 34
[2847] debug @0.000014> Dancer::Loggersession_dir : /tmp/dancer-sessions in /opt/perlbrew/perls/perl-5.16.1/lib/site_perl/5.16.1/Dancer/Session/Storable.pm l. 34
2012/10/18-18:24:08 Server closing!
Setting gid to "500 500 500 502"
[2873] debug @0.000015> Dancer::Loggersession_dir : /tmp/dancer-sessions in /opt/perlbrew/perls/perl-5.16.1/lib/site_perl/5.16.1/Dancer/Session/Storable.pm l. 34
[2877] debug @0.000015> Dancer::Loggersession_dir : /tmp/dancer-sessions in /opt/perlbrew/perls/perl-5.16.1/lib/site_perl/5.16.1/Dancer/Session/Storable.pm l. 34
[2876] debug @0.000015> Dancer::Loggersession_dir : /tmp/dancer-sessions in /opt/perlbrew/perls/perl-5.16.1/lib/site_perl/5.16.1/Dancer/Session/Storable.pm l. 34
[2874] debug @0.000015> Dancer::Loggersession_dir : /tmp/dancer-sessions in /opt/perlbrew/perls/perl-5.16.1/lib/site_perl/5.16.1/Dancer/Session/Storable.pm l. 34
[2875] debug @0.000013> Dancer::Loggersession_dir : /tmp/dancer-sessions in /opt/perlbrew/perls/perl-5.16.1/lib/site_perl/5.16.1/Dancer/Session/Storable.pm l. 34
2012/10/18-18:25:36 Server closing!
Setting gid to "500 500 500 502"
[2987] debug @0.000016> Dancer::Loggersession_dir : /tmp/dancer-sessions in /opt/perlbrew/perls/perl-5.16.1/lib/site_perl/5.16.1/Dancer/Session/Storable.pm l. 34
[2991] debug @0.000018> Dancer::Loggersession_dir : /tmp/dancer-sessions in /opt/perlbrew/perls/perl-5.16.1/lib/site_perl/5.16.1/Dancer/Session/Storable.pm l. 34
[2990] debug @0.000014> Dancer::Loggersession_dir : /tmp/dancer-sessions in /opt/perlbrew/perls/perl-5.16.1/lib/site_perl/5.16.1/Dancer/Session/Storable.pm l. 34
[2988] debug @0.000014> Dancer::Loggersession_dir : /tmp/dancer-sessions in /opt/perlbrew/perls/perl-5.16.1/lib/site_perl/5.16.1/Dancer/Session/Storable.pm l. 34
[2989] debug @0.000014> Dancer::Loggersession_dir : /tmp/dancer-sessions in /opt/perlbrew/perls/perl-5.16.1/lib/site_perl/5.16.1/Dancer/Session/Storable.pm l. 34
2012/10/18-18:30:16 Server closing!
Process Backgrounded
2012/10/19-10:55:30 Starman::Server (type Net::Server::PreFork) starting! pid(11231)
Resolved [*]:3000 to [0.0.0.0]:3000, IPv4
Binding to TCP port 3000 on host 0.0.0.0 with IPv4
Setting gid to "500 500 500 502"
[11233] debug @0.000033> Dancer::Loggersession_dir : /tmp/dancer-sessions in /opt/perlbrew/perls/perl-5.16.1/lib/site_perl/5.16.1/Dancer/Session/Storable.pm l. 34
[11234] debug @0.000024> Dancer::Loggersession_dir : /tmp/dancer-sessions in /opt/perlbrew/perls/perl-5.16.1/lib/site_perl/5.16.1/Dancer/Session/Storable.pm l. 34
[11235] debug @0.000031> Dancer::Loggersession_dir : /tmp/dancer-sessions in /opt/perlbrew/perls/perl-5.16.1/lib/site_perl/5.16.1/Dancer/Session/Storable.pm l. 34
[11236] debug @0.000025> Dancer::Loggersession_dir : /tmp/dancer-sessions in /opt/perlbrew/perls/perl-5.16.1/lib/site_perl/5.16.1/Dancer/Session/Storable.pm l. 34
[11237] debug @0.000023> Dancer::Loggersession_dir : /tmp/dancer-sessions in /opt/perlbrew/perls/perl-5.16.1/lib/site_perl/5.16.1/Dancer/Session/Storable.pm l. 34
2012/10/19-11:01:48 Received QUIT. Running a graceful shutdown
Sending children hup signal
2012/10/19-11:01:48 Worker processes cleaned up
2012/10/19-11:01:48 Server closing!
Process Backgrounded
2012/10/19-11:03:10 Starman::Server (type Net::Server::PreFork) starting! pid(11331)
Resolved [*]:3000 to [0.0.0.0]:3000, IPv4
Binding to TCP port 3000 on host 0.0.0.0 with IPv4
Setting gid to "500 500 500 502"
[11333] debug @0.000014> Dancer::Loggersession_dir : /tmp/dancer-sessions in /opt/perlbrew/perls/perl-5.16.1/lib/site_perl/5.16.1/Dancer/Session/Storable.pm l. 34
[11337] debug @0.000014> Dancer::Loggersession_dir : /tmp/dancer-sessions in /opt/perlbrew/perls/perl-5.16.1/lib/site_perl/5.16.1/Dancer/Session/Storable.pm l. 34
[11334] debug @0.000014> Dancer::Loggersession_dir : /tmp/dancer-sessions in /opt/perlbrew/perls/perl-5.16.1/lib/site_perl/5.16.1/Dancer/Session/Storable.pm l. 34
[11335] debug @0.000014> Dancer::Loggersession_dir : /tmp/dancer-sessions in /opt/perlbrew/perls/perl-5.16.1/lib/site_perl/5.16.1/Dancer/Session/Storable.pm l. 34
[11336] debug @0.000013> Dancer::Loggersession_dir : /tmp/dancer-sessions in /opt/perlbrew/perls/perl-5.16.1/lib/site_perl/5.16.1/Dancer/Session/Storable.pm l. 34
2012/10/19-11:03:20 Received QUIT. Running a graceful shutdown
Sending children hup signal
2012/10/19-11:03:20 Worker processes cleaned up
2012/10/19-11:03:20 Server closing!
Process Backgrounded
2012/10/19-11:03:37 Starman::Server (type Net::Server::PreFork) starting! pid(11351)
Resolved [*]:3000 to [0.0.0.0]:3000, IPv4
Binding to TCP port 3000 on host 0.0.0.0 with IPv4
Setting gid to "500 500 500 502"
[11353] debug @0.000014> Dancer::Loggersession_dir : /tmp/dancer-sessions in /opt/perlbrew/perls/perl-5.16.1/lib/site_perl/5.16.1/Dancer/Session/Storable.pm l. 34
[11357] debug @0.000015> Dancer::Loggersession_dir : /tmp/dancer-sessions in /opt/perlbrew/perls/perl-5.16.1/lib/site_perl/5.16.1/Dancer/Session/Storable.pm l. 34
[11356] debug @0.000014> Dancer::Loggersession_dir : /tmp/dancer-sessions in /opt/perlbrew/perls/perl-5.16.1/lib/site_perl/5.16.1/Dancer/Session/Storable.pm l. 34
[11354] debug @0.000014> Dancer::Loggersession_dir : /tmp/dancer-sessions in /opt/perlbrew/perls/perl-5.16.1/lib/site_perl/5.16.1/Dancer/Session/Storable.pm l. 34
[11355] debug @0.000014> Dancer::Loggersession_dir : /tmp/dancer-sessions in /opt/perlbrew/perls/perl-5.16.1/lib/site_perl/5.16.1/Dancer/Session/Storable.pm l. 34
2012/10/19-11:03:47 Received QUIT. Running a graceful shutdown
Sending children hup signal
2012/10/19-11:03:47 Worker processes cleaned up
2012/10/19-11:03:47 Server closing!
Process Backgrounded
2012/10/19-11:04:04 Starman::Server (type Net::Server::PreFork) starting! pid(11369)
Resolved [*]:3000 to [0.0.0.0]:3000, IPv4
Binding to TCP port 3000 on host 0.0.0.0 with IPv4
Setting gid to "500 500 500 502"
[11371] debug @0.000024> Dancer::Loggersession_dir : /tmp/dancer-sessions in /opt/perlbrew/perls/perl-5.16.1/lib/site_perl/5.16.1/Dancer/Session/Storable.pm l. 34
[11372] debug @0.000025> Dancer::Loggersession_dir : /tmp/dancer-sessions in /opt/perlbrew/perls/perl-5.16.1/lib/site_perl/5.16.1/Dancer/Session/Storable.pm l. 34
[11375] debug @0.000026> Dancer::Loggersession_dir : /tmp/dancer-sessions in /opt/perlbrew/perls/perl-5.16.1/lib/site_perl/5.16.1/Dancer/Session/Storable.pm l. 34
[11373] debug @0.000026> Dancer::Loggersession_dir : /tmp/dancer-sessions in /opt/perlbrew/perls/perl-5.16.1/lib/site_perl/5.16.1/Dancer/Session/Storable.pm l. 34
[11374] debug @0.000024> Dancer::Loggersession_dir : /tmp/dancer-sessions in /opt/perlbrew/perls/perl-5.16.1/lib/site_perl/5.16.1/Dancer/Session/Storable.pm l. 34
2012/10/19-11:04:09 Received QUIT. Running a graceful shutdown
Sending children hup signal
2012/10/19-11:04:09 Worker processes cleaned up
2012/10/19-11:04:09 Server closing!
Process Backgrounded
2012/10/19-11:04:42 Starman::Server (type Net::Server::PreFork) starting! pid(11387)
Resolved [*]:3000 to [0.0.0.0]:3000, IPv4
Binding to TCP port 3000 on host 0.0.0.0 with IPv4
Setting gid to "500 500 500 502"
[11389] debug @0.000015> Dancer::Loggersession_dir : /tmp/dancer-sessions in /opt/perlbrew/perls/perl-5.16.1/lib/site_perl/5.16.1/Dancer/Session/Storable.pm l. 34
[11391] debug @0.000014> Dancer::Loggersession_dir : /tmp/dancer-sessions in /opt/perlbrew/perls/perl-5.16.1/lib/site_perl/5.16.1/Dancer/Session/Storable.pm l. 34
[11390] debug @0.000014> Dancer::Loggersession_dir : /tmp/dancer-sessions in /opt/perlbrew/perls/perl-5.16.1/lib/site_perl/5.16.1/Dancer/Session/Storable.pm l. 34
[11392] debug @0.000015> Dancer::Loggersession_dir : /tmp/dancer-sessions in /opt/perlbrew/perls/perl-5.16.1/lib/site_perl/5.16.1/Dancer/Session/Storable.pm l. 34
[11393] debug @0.000014> Dancer::Loggersession_dir : /tmp/dancer-sessions in /opt/perlbrew/perls/perl-5.16.1/lib/site_perl/5.16.1/Dancer/Session/Storable.pm l. 34
2012/10/19-11:05:32 Received QUIT. Running a graceful shutdown
Sending children hup signal
2012/10/19-11:05:32 Worker processes cleaned up
2012/10/19-11:05:32 Server closing!
Process Backgrounded
2012/10/19-11:35:31 Starman::Server (type Net::Server::PreFork) starting! pid(11658)
Resolved [*]:3000 to [0.0.0.0]:3000, IPv4
Binding to TCP port 3000 on host 0.0.0.0 with IPv4
Setting gid to "500 500 500 502"
[11660] debug @0.000025> Dancer::Loggersession_dir : /tmp/dancer-sessions in /opt/perlbrew/perls/perl-5.16.1/lib/site_perl/5.16.1/Dancer/Session/Storable.pm l. 34
[11661] debug @0.000015> Dancer::Loggersession_dir : /tmp/dancer-sessions in /opt/perlbrew/perls/perl-5.16.1/lib/site_perl/5.16.1/Dancer/Session/Storable.pm l. 34
[11663] debug @0.000014> Dancer::Loggersession_dir : /tmp/dancer-sessions in /opt/perlbrew/perls/perl-5.16.1/lib/site_perl/5.16.1/Dancer/Session/Storable.pm l. 34
[11662] debug @0.000014> Dancer::Loggersession_dir : /tmp/dancer-sessions in /opt/perlbrew/perls/perl-5.16.1/lib/site_perl/5.16.1/Dancer/Session/Storable.pm l. 34
[11664] debug @0.000013> Dancer::Loggersession_dir : /tmp/dancer-sessions in /opt/perlbrew/perls/perl-5.16.1/lib/site_perl/5.16.1/Dancer/Session/Storable.pm l. 34
2012/10/19-11:48:00 Received QUIT. Running a graceful shutdown
Sending children hup signal
2012/10/19-11:48:01 Worker processes cleaned up
2012/10/19-11:48:01 Server closing!
Process Backgrounded
2012/10/19-11:48:06 Starman::Server (type Net::Server::PreFork) starting! pid(11826)
Resolved [*]:3000 to [0.0.0.0]:3000, IPv4
Binding to TCP port 3000 on host 0.0.0.0 with IPv4
Setting gid to "500 500 500 502"
[11828] debug @0.000014> Dancer::Loggersession_dir : /tmp/dancer-sessions in /opt/perlbrew/perls/perl-5.16.1/lib/site_perl/5.16.1/Dancer/Session/Storable.pm l. 34
[11832] debug @0.000015> Dancer::Loggersession_dir : /tmp/dancer-sessions in /opt/perlbrew/perls/perl-5.16.1/lib/site_perl/5.16.1/Dancer/Session/Storable.pm l. 34
[11830] debug @0.000015> Dancer::Loggersession_dir : /tmp/dancer-sessions in /opt/perlbrew/perls/perl-5.16.1/lib/site_perl/5.16.1/Dancer/Session/Storable.pm l. 34
[11829] debug @0.000015> Dancer::Loggersession_dir : /tmp/dancer-sessions in /opt/perlbrew/perls/perl-5.16.1/lib/site_perl/5.16.1/Dancer/Session/Storable.pm l. 34
[11831] debug @0.000014> Dancer::Loggersession_dir : /tmp/dancer-sessions in /opt/perlbrew/perls/perl-5.16.1/lib/site_perl/5.16.1/Dancer/Session/Storable.pm l. 34
2012/10/19-12:08:59 Received QUIT. Running a graceful shutdown
Sending children hup signal
2012/10/19-12:09:00 Worker processes cleaned up
2012/10/19-12:09:00 Server closing!
Process Backgrounded
2012/10/19-12:09:08 Starman::Server (type Net::Server::PreFork) starting! pid(12021)
Resolved [*]:3000 to [0.0.0.0]:3000, IPv4
Binding to TCP port 3000 on host 0.0.0.0 with IPv4
Setting gid to "500 500 500 502"
[12024] debug @0.000014> Dancer::Loggersession_dir : /tmp/dancer-sessions in /opt/perlbrew/perls/perl-5.16.1/lib/site_perl/5.16.1/Dancer/Session/Storable.pm l. 34
[12025] debug @0.000020> Dancer::Loggersession_dir : /tmp/dancer-sessions in /opt/perlbrew/perls/perl-5.16.1/lib/site_perl/5.16.1/Dancer/Session/Storable.pm l. 34
[12026] debug @0.000015> Dancer::Loggersession_dir : /tmp/dancer-sessions in /opt/perlbrew/perls/perl-5.16.1/lib/site_perl/5.16.1/Dancer/Session/Storable.pm l. 34
[12023] debug @0.000015> Dancer::Loggersession_dir : /tmp/dancer-sessions in /opt/perlbrew/perls/perl-5.16.1/lib/site_perl/5.16.1/Dancer/Session/Storable.pm l. 34
[12027] debug @0.000013> Dancer::Loggersession_dir : /tmp/dancer-sessions in /opt/perlbrew/perls/perl-5.16.1/lib/site_perl/5.16.1/Dancer/Session/Storable.pm l. 34
Process Backgrounded
2012/10/19-12:25:45 Starman::Server (type Net::Server::PreFork) starting! pid(12209)
Resolved [*]:3000 to [0.0.0.0]:3000, IPv4
Binding to TCP port 3000 on host 0.0.0.0 with IPv4
Setting gid to "500 500 500 502"
[12211] debug @0.000023> Dancer::Loggersession_dir : /tmp/dancer-sessions in /opt/perlbrew/perls/perl-5.16.1/lib/site_perl/5.16.1/Dancer/Session/Storable.pm l. 34
[12213] debug @0.000023> Dancer::Loggersession_dir : /tmp/dancer-sessions in /opt/perlbrew/perls/perl-5.16.1/lib/site_perl/5.16.1/Dancer/Session/Storable.pm l. 34
[12214] debug @0.000014> Dancer::Loggersession_dir : /tmp/dancer-sessions in /opt/perlbrew/perls/perl-5.16.1/lib/site_perl/5.16.1/Dancer/Session/Storable.pm l. 34
[12212] debug @0.000014> Dancer::Loggersession_dir : /tmp/dancer-sessions in /opt/perlbrew/perls/perl-5.16.1/lib/site_perl/5.16.1/Dancer/Session/Storable.pm l. 34
[12215] debug @0.000014> Dancer::Loggersession_dir : /tmp/dancer-sessions in /opt/perlbrew/perls/perl-5.16.1/lib/site_perl/5.16.1/Dancer/Session/Storable.pm l. 34
2012/10/19-12:26:03 Received QUIT. Running a graceful shutdown
Sending children hup signal
2012/10/19-12:26:03 Worker processes cleaned up
2012/10/19-12:26:03 Server closing!
Process Backgrounded
2012/10/19-12:26:11 Starman::Server (type Net::Server::PreFork) starting! pid(12233)
Resolved [*]:3000 to [0.0.0.0]:3000, IPv4
Binding to TCP port 3000 on host 0.0.0.0 with IPv4
Setting gid to "500 500 500 502"
[12235] debug @0.000019> Dancer::Loggersession_dir : /tmp/dancer-sessions in /opt/perlbrew/perls/perl-5.16.1/lib/site_perl/5.16.1/Dancer/Session/Storable.pm l. 34
[12236] debug @0.000016> Dancer::Loggersession_dir : /tmp/dancer-sessions in /opt/perlbrew/perls/perl-5.16.1/lib/site_perl/5.16.1/Dancer/Session/Storable.pm l. 34
[12239] debug @0.000015> Dancer::Loggersession_dir : /tmp/dancer-sessions in /opt/perlbrew/perls/perl-5.16.1/lib/site_perl/5.16.1/Dancer/Session/Storable.pm l. 34
[12237] debug @0.000014> Dancer::Loggersession_dir : /tmp/dancer-sessions in /opt/perlbrew/perls/perl-5.16.1/lib/site_perl/5.16.1/Dancer/Session/Storable.pm l. 34
[12238] debug @0.000016> Dancer::Loggersession_dir : /tmp/dancer-sessions in /opt/perlbrew/perls/perl-5.16.1/lib/site_perl/5.16.1/Dancer/Session/Storable.pm l. 34
2012/10/19-12:26:24 Server closing!
Process Backgrounded
2012/10/19-12:29:37 Starman::Server (type Net::Server::PreFork) starting! pid(12279)
Resolved [*]:3000 to [0.0.0.0]:3000, IPv4
Binding to TCP port 3000 on host 0.0.0.0 with IPv4
Setting gid to "500 500 500 502"
[12285] debug @0.000015> Dancer::Loggersession_dir : /tmp/dancer-sessions in /opt/perlbrew/perls/perl-5.16.1/lib/site_perl/5.16.1/Dancer/Session/Storable.pm l. 34
[12281] debug @0.000014> Dancer::Loggersession_dir : /tmp/dancer-sessions in /opt/perlbrew/perls/perl-5.16.1/lib/site_perl/5.16.1/Dancer/Session/Storable.pm l. 34
[12282] debug @0.000019> Dancer::Loggersession_dir : /tmp/dancer-sessions in /opt/perlbrew/perls/perl-5.16.1/lib/site_perl/5.16.1/Dancer/Session/Storable.pm l. 34
[12284] debug @0.000015> Dancer::Loggersession_dir : /tmp/dancer-sessions in /opt/perlbrew/perls/perl-5.16.1/lib/site_perl/5.16.1/Dancer/Session/Storable.pm l. 34
[12283] debug @0.000013> Dancer::Loggersession_dir : /tmp/dancer-sessions in /opt/perlbrew/perls/perl-5.16.1/lib/site_perl/5.16.1/Dancer/Session/Storable.pm l. 34
2012/10/19-12:38:03 Received QUIT. Running a graceful shutdown
Sending children hup signal
2012/10/19-12:38:03 Worker processes cleaned up
2012/10/19-12:38:03 Server closing!
